<?xml version="1.0" encoding="UTF-8"?>
<!-- Generated by org.testng.reporters.JUnitReportReporter -->
<testsuite hostname="DESKTOP-RRV5057" name="testNGDemo.BankAccount" tests="2" failures="0" timestamp="16 May 2021 02:32:03 GMT" time="0.031" errors="0">
  <testcase name="depositAmount" time="0.000" classname="testNGDemo.BankAccount"/>
  <testcase name="createBankAccount" time="0.031" classname="testNGDemo.BankAccount"/>
</testsuite> <!-- testNGDemo.BankAccount -->
