<?xml version="1.0" encoding="UTF-8"?>
<!-- Generated by org.testng.reporters.JUnitReportReporter -->
<testsuite hostname="DESKTOP-RRV5057" name="testNGDemo.CarLoan" tests="4" failures="0" timestamp="8 Jun 2021 13:09:34 GMT" time="0.045" errors="0">
  <testcase name="applyCarLoan" time="0.001" classname="testNGDemo.CarLoan"/>
  <testcase name="verifyDoc" time="0.013" classname="testNGDemo.CarLoan"/>
  <testcase name="sanctionAmount" time="0.000" classname="testNGDemo.CarLoan"/>
  <testcase name="createSubmittDoc" time="0.031" classname="testNGDemo.CarLoan"/>
</testsuite> <!-- testNGDemo.CarLoan -->
