<?xml version="1.0" encoding="UTF-8"?>
<!-- Generated by org.testng.reporters.JUnitReportReporter -->
<testsuite hostname="DESKTOP-RRV5057" name="testNGDemo.BankAccount" tests="4" failures="0" timestamp="8 Jun 2021 13:09:34 GMT" time="0.089" errors="0">
  <testcase name="m1" time="0.014" classname="testNGDemo.BankAccount"/>
  <testcase name="withDrawnAmunt" time="0.009" classname="testNGDemo.BankAccount"/>
  <testcase name="createBankAccount" time="0.066" classname="testNGDemo.BankAccount"/>
  <testcase name="depositAmount" time="0.000" classname="testNGDemo.BankAccount"/>
</testsuite> <!-- testNGDemo.BankAccount -->
